{"content": {"suites": {"0": {"status": {"total_pass": 3, "total_skip": 0, "total_xpass": 0, "total_xfail": 0, "total_rerun": 0, "total_fail": 0, "total_error": 0}, "tests": {"0": {"status": "PASS", "message": "", "test_name": "testBackAttributes", "rerun": "0"}, "1": {"status": "PASS", "message": "", "test_name": "testForeAttributes", "rerun": "0"}, "2": {"status": "PASS", "message": "", "test_name": "testStyleAttributes", "rerun": "0"}}, "suite_name": "lib/python3.12/site-packages/pip/_vendor/colorama/tests/ansi_test.py"}, "1": {"suite_name": "lib/python3.12/site-packages/pip/_vendor/colorama/tests/ansitowin32_test.py", "tests": {"0": {"status": "PASS", "message": "", "test_name": "testDelegatesContext", "rerun": "0"}, "1": {"status": "PASS", "message": "", "test_name": "testDelegatesWrite", "rerun": "0"}, "2": {"status": "PASS", "message": "", "test_name": "testIsAProxy", "rerun": "0"}, "3": {"status": "PASS", "message": "", "test_name": "testProxyNoContextManager", "rerun": "0"}, "4": {"status": "PASS", "message": "", "test_name": "test_closed_shouldnt_raise_on_closed_stream", "rerun": "0"}, "5": {"status": "PASS", "message": "", "test_name": "test_closed_shouldnt_raise_on_detached_stream", "rerun": "0"}, "6": {"status": "PASS", "message": "", "test_name": "testCallWin32UsesLookup", "rerun": "0"}, "7": {"status": "PASS", "message": "", "test_name": "testExtractParams", "rerun": "0"}, "8": {"status": "PASS", "message": "", "test_name": "testInit", "rerun": "0"}, "9": {"status": "PASS", "message": "", "test_name": "testStripIsFalseOffWindows", "rerun": "0"}, "10": {"status": "PASS", "message": "", "test_name": "testStripIsTrueOnWindows", "rerun": "0"}, "11": {"status": "PASS", "message": "", "test_name": "testWriteAndConvertCallsWin32WithParamsAndCommand", "rerun": "0"}, "12": {"status": "PASS", "message": "", "test_name": "testWriteAndConvertSkipsEmptySnippets", "rerun": "0"}, "13": {"status": "PASS", "message": "", "test_name": "testWriteAndConvertStripsAllValidAnsi", "rerun": "0"}, "14": {"status": "PASS", "message": "", "test_name": "testWriteAndConvertWritesPlainText", "rerun": "0"}, "15": {"status": "PASS", "message": "", "test_name": "testWriteAutoresets", "rerun": "0"}, "16": {"status": "PASS", "message": "", "test_name": "testWriteDoesNotStripAnsi", "rerun": "0"}, "17": {"status": "PASS", "message": "", "test_name": "testWriteStripsAnsi", "rerun": "0"}, "18": {"status": "FAIL", "message": "       AssertionError: expected call not found.\n       Expected: mock(1234, 4)\n       Actual: not called.\n", "test_name": "test_native_windows_ansi", "rerun": "0"}, "19": {"status": "FAIL", "message": "                   AttributeError: 'NoneType' object has no attribute 'set_title'\n", "test_name": "test_osc_codes", "rerun": "0"}, "20": {"status": "PASS", "message": "", "test_name": "test_reset_all_shouldnt_raise_on_closed_orig_stdout", "rerun": "0"}, "21": {"status": "PASS", "message": "", "test_name": "test_wrap_shouldnt_raise_on_closed_orig_stdout", "rerun": "0"}, "22": {"status": "PASS", "message": "", "test_name": "test_wrap_shouldnt_raise_on_missing_closed_attr", "rerun": "0"}}, "status": {"total_pass": 21, "total_skip": 0, "total_xpass": 0, "total_xfail": 0, "total_rerun": 0, "total_fail": 2, "total_error": 0}}, "2": {"suite_name": "lib/python3.12/site-packages/pip/_vendor/colorama/tests/initialise_test.py", "tests": {"0": {"status": "SKIP", "message": "('/home/andy/\u0414\u043e\u043a\u0443\u043c\u0435\u043d\u0442\u044b/My_project_by_python/Seminars_with_python/Automatisation_testing_consoleApp_linux_in_python/lection3_pytest/seminar3_pytest/env/lib/python3.12/site-packages/pip/_vendor/colorama/tests/initialise_test.py', 110, 'Skipped: sys.stdout is not a tty')\n", "test_name": "testAtexitRegisteredOnlyOnce", "rerun": "0"}, "1": {"status": "SKIP", "message": "('/home/andy/\u0414\u043e\u043a\u0443\u043c\u0435\u043d\u0442\u044b/My_project_by_python/Seminars_with_python/Automatisation_testing_consoleApp_linux_in_python/lection3_pytest/seminar3_pytest/env/lib/python3.12/site-packages/pip/_vendor/colorama/tests/initialise_test.py', 92, 'Skipped: sys.stdout is not a tty')\n", "test_name": "testAutoResetChangeable", "rerun": "0"}, "2": {"status": "SKIP", "message": "('/home/andy/\u0414\u043e\u043a\u0443\u043c\u0435\u043d\u0442\u044b/My_project_by_python/Seminars_with_python/Automatisation_testing_consoleApp_linux_in_python/lection3_pytest/seminar3_pytest/env/lib/python3.12/site-packages/pip/_vendor/colorama/tests/initialise_test.py', 83, 'Skipped: sys.stdout is not a tty')\n", "test_name": "testAutoResetPassedOn", "rerun": "0"}, "3": {"status": "SKIP", "message": "('/home/andy/\u0414\u043e\u043a\u0443\u043c\u0435\u043d\u0442\u044b/My_project_by_python/Seminars_with_python/Automatisation_testing_consoleApp_linux_in_python/lection3_pytest/seminar3_pytest/env/lib/python3.12/site-packages/pip/_vendor/colorama/tests/initialise_test.py', 70, 'Skipped: sys.stdout is not a tty')\n", "test_name": "testInitAutoresetOnWrapsOnAllPlatforms", "rerun": "0"}, "4": {"status": "SKIP", "message": "('/home/andy/\u0414\u043e\u043a\u0443\u043c\u0435\u043d\u0442\u044b/My_project_by_python/Seminars_with_python/Automatisation_testing_consoleApp_linux_in_python/lection3_pytest/seminar3_pytest/env/lib/python3.12/site-packages/pip/_vendor/colorama/tests/initialise_test.py', 62, 'Skipped: sys.stdout is not a tty')\n", "test_name": "testInitDoesntWrapIfNone", "rerun": "0"}, "5": {"status": "SKIP", "message": "('/home/andy/\u0414\u043e\u043a\u0443\u043c\u0435\u043d\u0442\u044b/My_project_by_python/Seminars_with_python/Automatisation_testing_consoleApp_linux_in_python/lection3_pytest/seminar3_pytest/env/lib/python3.12/site-packages/pip/_vendor/colorama/tests/initialise_test.py', 50, 'Skipped: sys.stdout is not a tty')\n", "test_name": "testInitDoesntWrapOnEmulatedWindows", "rerun": "0"}, "6": {"status": "SKIP", "message": "('/home/andy/\u0414\u043e\u043a\u0443\u043c\u0435\u043d\u0442\u044b/My_project_by_python/Seminars_with_python/Automatisation_testing_consoleApp_linux_in_python/lection3_pytest/seminar3_pytest/env/lib/python3.12/site-packages/pip/_vendor/colorama/tests/initialise_test.py', 57, 'Skipped: sys.stdout is not a tty')\n", "test_name": "testInitDoesntWrapOnNonWindows", "rerun": "0"}, "7": {"status": "SKIP", "message": "('/home/andy/\u0414\u043e\u043a\u0443\u043c\u0435\u043d\u0442\u044b/My_project_by_python/Seminars_with_python/Automatisation_testing_consoleApp_linux_in_python/lection3_pytest/seminar3_pytest/env/lib/python3.12/site-packages/pip/_vendor/colorama/tests/initialise_test.py', 75, 'Skipped: sys.stdout is not a tty')\n", "test_name": "testInitWrapOffDoesntWrapOnWindows", "rerun": "0"}, "8": {"status": "SKIP", "message": "('/home/andy/\u0414\u043e\u043a\u0443\u043c\u0435\u043d\u0442\u044b/My_project_by_python/Seminars_with_python/Automatisation_testing_consoleApp_linux_in_python/lection3_pytest/seminar3_pytest/env/lib/python3.12/site-packages/pip/_vendor/colorama/tests/initialise_test.py', 80, 'Skipped: sys.stdout is not a tty')\n", "test_name": "testInitWrapOffIncompatibleWithAutoresetOn", "rerun": "0"}, "9": {"status": "SKIP", "message": "('/home/andy/\u0414\u043e\u043a\u0443\u043c\u0435\u043d\u0442\u044b/My_project_by_python/Seminars_with_python/Automatisation_testing_consoleApp_linux_in_python/lection3_pytest/seminar3_pytest/env/lib/python3.12/site-packages/pip/_vendor/colorama/tests/initialise_test.py', 42, 'Skipped: sys.stdout is not a tty')\n", "test_name": "testInitWrapsOnWindows", "rerun": "0"}, "10": {"status": "PASS", "message": "", "test_name": "testJustFixWindowsConsole", "rerun": "0"}}, "status": {"total_pass": 1, "total_skip": 10, "total_xpass": 0, "total_xfail": 0, "total_rerun": 0, "total_fail": 0, "total_error": 0}}, "3": {"suite_name": "lib/python3.12/site-packages/pip/_vendor/colorama/tests/isatty_test.py", "tests": {"0": {"status": "PASS", "message": "", "test_name": "test_TTY", "rerun": "0"}, "1": {"status": "PASS", "message": "", "test_name": "test_nonTTY", "rerun": "0"}, "2": {"status": "PASS", "message": "", "test_name": "test_withPycharm", "rerun": "0"}, "3": {"status": "PASS", "message": "", "test_name": "test_withPycharmNonTTYOverride", "rerun": "0"}, "4": {"status": "PASS", "message": "", "test_name": "test_withPycharmNoneOverride", "rerun": "0"}, "5": {"status": "PASS", "message": "", "test_name": "test_withPycharmStreamWrapped", "rerun": "0"}, "6": {"status": "PASS", "message": "", "test_name": "test_withPycharmTTYOverride", "rerun": "0"}}, "status": {"total_pass": 7, "total_skip": 0, "total_xpass": 0, "total_xfail": 0, "total_rerun": 0, "total_fail": 0, "total_error": 0}}, "4": {"suite_name": "lib/python3.12/site-packages/pip/_vendor/colorama/tests/winterm_test.py", "tests": {"0": {"status": "SKIP", "message": "('/home/andy/\u0414\u043e\u043a\u0443\u043c\u0435\u043d\u0442\u044b/My_project_by_python/Seminars_with_python/Automatisation_testing_consoleApp_linux_in_python/lection3_pytest/seminar3_pytest/env/lib/python3.12/site-packages/pip/_vendor/colorama/tests/winterm_test.py', 77, 'Skipped: requires Windows')\n", "test_name": "testBack", "rerun": "0"}, "1": {"status": "SKIP", "message": "('/home/andy/\u0414\u043e\u043a\u0443\u043c\u0435\u043d\u0442\u044b/My_project_by_python/Seminars_with_python/Automatisation_testing_consoleApp_linux_in_python/lection3_pytest/seminar3_pytest/env/lib/python3.12/site-packages/pip/_vendor/colorama/tests/winterm_test.py', 66, 'Skipped: requires Windows')\n", "test_name": "testFore", "rerun": "0"}, "2": {"status": "SKIP", "message": "('/home/andy/\u0414\u043e\u043a\u0443\u043c\u0435\u043d\u0442\u044b/My_project_by_python/Seminars_with_python/Automatisation_testing_consoleApp_linux_in_python/lection3_pytest/seminar3_pytest/env/lib/python3.12/site-packages/pip/_vendor/colorama/tests/winterm_test.py', 25, 'Skipped: requires Windows')\n", "test_name": "testGetAttrs", "rerun": "0"}, "3": {"status": "FAIL", "message": "   AttributeError: module 'pip._vendor.colorama.win32' has no attribute 'GetConsoleScreenBufferInfo'\n", "test_name": "testInit", "rerun": "0"}, "4": {"status": "FAIL", "message": "   AttributeError: module 'pip._vendor.colorama.win32' has no attribute 'GetConsoleScreenBufferInfo'\n", "test_name": "testResetAll", "rerun": "0"}, "5": {"status": "FAIL", "message": "   AttributeError: module 'pip._vendor.colorama.win32' has no attribute 'GetConsoleScreenBufferInfo'\n", "test_name": "testSetConsole", "rerun": "0"}, "6": {"status": "FAIL", "message": "   AttributeError: module 'pip._vendor.colorama.win32' has no attribute 'GetConsoleScreenBufferInfo'\n", "test_name": "testSetConsoleOnStderr", "rerun": "0"}, "7": {"status": "SKIP", "message": "('/home/andy/\u0414\u043e\u043a\u0443\u043c\u0435\u043d\u0442\u044b/My_project_by_python/Seminars_with_python/Automatisation_testing_consoleApp_linux_in_python/lection3_pytest/seminar3_pytest/env/lib/python3.12/site-packages/pip/_vendor/colorama/tests/winterm_test.py', 88, 'Skipped: requires Windows')\n", "test_name": "testStyle", "rerun": "0"}}, "status": {"total_pass": 0, "total_skip": 4, "total_xpass": 0, "total_xfail": 0, "total_rerun": 0, "total_fail": 4, "total_error": 0}}, "5": {"suite_name": "lib64/python3.12/site-packages/pip/_vendor/colorama/tests/ansi_test.py", "tests": {"0": {"status": "PASS", "message": "", "test_name": "testBackAttributes", "rerun": "0"}, "1": {"status": "PASS", "message": "", "test_name": "testForeAttributes", "rerun": "0"}, "2": {"status": "PASS", "message": "", "test_name": "testStyleAttributes", "rerun": "0"}}, "status": {"total_pass": 3, "total_skip": 0, "total_xpass": 0, "total_xfail": 0, "total_rerun": 0, "total_fail": 0, "total_error": 0}}, "6": {"suite_name": "lib64/python3.12/site-packages/pip/_vendor/colorama/tests/ansitowin32_test.py", "tests": {"0": {"status": "PASS", "message": "", "test_name": "testDelegatesContext", "rerun": "0"}, "1": {"status": "PASS", "message": "", "test_name": "testDelegatesWrite", "rerun": "0"}, "2": {"status": "PASS", "message": "", "test_name": "testIsAProxy", "rerun": "0"}, "3": {"status": "PASS", "message": "", "test_name": "testProxyNoContextManager", "rerun": "0"}, "4": {"status": "PASS", "message": "", "test_name": "test_closed_shouldnt_raise_on_closed_stream", "rerun": "0"}, "5": {"status": "PASS", "message": "", "test_name": "test_closed_shouldnt_raise_on_detached_stream", "rerun": "0"}, "6": {"status": "PASS", "message": "", "test_name": "testCallWin32UsesLookup", "rerun": "0"}, "7": {"status": "PASS", "message": "", "test_name": "testExtractParams", "rerun": "0"}, "8": {"status": "PASS", "message": "", "test_name": "testInit", "rerun": "0"}, "9": {"status": "PASS", "message": "", "test_name": "testStripIsFalseOffWindows", "rerun": "0"}, "10": {"status": "PASS", "message": "", "test_name": "testStripIsTrueOnWindows", "rerun": "0"}, "11": {"status": "PASS", "message": "", "test_name": "testWriteAndConvertCallsWin32WithParamsAndCommand", "rerun": "0"}, "12": {"status": "PASS", "message": "", "test_name": "testWriteAndConvertSkipsEmptySnippets", "rerun": "0"}, "13": {"status": "PASS", "message": "", "test_name": "testWriteAndConvertStripsAllValidAnsi", "rerun": "0"}, "14": {"status": "PASS", "message": "", "test_name": "testWriteAndConvertWritesPlainText", "rerun": "0"}, "15": {"status": "PASS", "message": "", "test_name": "testWriteAutoresets", "rerun": "0"}, "16": {"status": "PASS", "message": "", "test_name": "testWriteDoesNotStripAnsi", "rerun": "0"}, "17": {"status": "PASS", "message": "", "test_name": "testWriteStripsAnsi", "rerun": "0"}, "18": {"status": "FAIL", "message": "       AssertionError: expected call not found.\n       Expected: mock(1234, 4)\n       Actual: not called.\n", "test_name": "test_native_windows_ansi", "rerun": "0"}, "19": {"status": "FAIL", "message": "                   AttributeError: 'NoneType' object has no attribute 'set_title'\n", "test_name": "test_osc_codes", "rerun": "0"}, "20": {"status": "PASS", "message": "", "test_name": "test_reset_all_shouldnt_raise_on_closed_orig_stdout", "rerun": "0"}, "21": {"status": "PASS", "message": "", "test_name": "test_wrap_shouldnt_raise_on_closed_orig_stdout", "rerun": "0"}, "22": {"status": "PASS", "message": "", "test_name": "test_wrap_shouldnt_raise_on_missing_closed_attr", "rerun": "0"}}, "status": {"total_pass": 21, "total_skip": 0, "total_xpass": 0, "total_xfail": 0, "total_rerun": 0, "total_fail": 2, "total_error": 0}}, "7": {"suite_name": "lib64/python3.12/site-packages/pip/_vendor/colorama/tests/initialise_test.py", "tests": {"0": {"status": "SKIP", "message": "('/home/andy/\u0414\u043e\u043a\u0443\u043c\u0435\u043d\u0442\u044b/My_project_by_python/Seminars_with_python/Automatisation_testing_consoleApp_linux_in_python/lection3_pytest/seminar3_pytest/env/lib/python3.12/site-packages/pip/_vendor/colorama/tests/initialise_test.py', 110, 'Skipped: sys.stdout is not a tty')\n", "test_name": "testAtexitRegisteredOnlyOnce", "rerun": "0"}, "1": {"status": "SKIP", "message": "('/home/andy/\u0414\u043e\u043a\u0443\u043c\u0435\u043d\u0442\u044b/My_project_by_python/Seminars_with_python/Automatisation_testing_consoleApp_linux_in_python/lection3_pytest/seminar3_pytest/env/lib/python3.12/site-packages/pip/_vendor/colorama/tests/initialise_test.py', 92, 'Skipped: sys.stdout is not a tty')\n", "test_name": "testAutoResetChangeable", "rerun": "0"}, "2": {"status": "SKIP", "message": "('/home/andy/\u0414\u043e\u043a\u0443\u043c\u0435\u043d\u0442\u044b/My_project_by_python/Seminars_with_python/Automatisation_testing_consoleApp_linux_in_python/lection3_pytest/seminar3_pytest/env/lib/python3.12/site-packages/pip/_vendor/colorama/tests/initialise_test.py', 83, 'Skipped: sys.stdout is not a tty')\n", "test_name": "testAutoResetPassedOn", "rerun": "0"}, "3": {"status": "SKIP", "message": "('/home/andy/\u0414\u043e\u043a\u0443\u043c\u0435\u043d\u0442\u044b/My_project_by_python/Seminars_with_python/Automatisation_testing_consoleApp_linux_in_python/lection3_pytest/seminar3_pytest/env/lib/python3.12/site-packages/pip/_vendor/colorama/tests/initialise_test.py', 70, 'Skipped: sys.stdout is not a tty')\n", "test_name": "testInitAutoresetOnWrapsOnAllPlatforms", "rerun": "0"}, "4": {"status": "SKIP", "message": "('/home/andy/\u0414\u043e\u043a\u0443\u043c\u0435\u043d\u0442\u044b/My_project_by_python/Seminars_with_python/Automatisation_testing_consoleApp_linux_in_python/lection3_pytest/seminar3_pytest/env/lib/python3.12/site-packages/pip/_vendor/colorama/tests/initialise_test.py', 62, 'Skipped: sys.stdout is not a tty')\n", "test_name": "testInitDoesntWrapIfNone", "rerun": "0"}, "5": {"status": "SKIP", "message": "('/home/andy/\u0414\u043e\u043a\u0443\u043c\u0435\u043d\u0442\u044b/My_project_by_python/Seminars_with_python/Automatisation_testing_consoleApp_linux_in_python/lection3_pytest/seminar3_pytest/env/lib/python3.12/site-packages/pip/_vendor/colorama/tests/initialise_test.py', 50, 'Skipped: sys.stdout is not a tty')\n", "test_name": "testInitDoesntWrapOnEmulatedWindows", "rerun": "0"}, "6": {"status": "SKIP", "message": "('/home/andy/\u0414\u043e\u043a\u0443\u043c\u0435\u043d\u0442\u044b/My_project_by_python/Seminars_with_python/Automatisation_testing_consoleApp_linux_in_python/lection3_pytest/seminar3_pytest/env/lib/python3.12/site-packages/pip/_vendor/colorama/tests/initialise_test.py', 57, 'Skipped: sys.stdout is not a tty')\n", "test_name": "testInitDoesntWrapOnNonWindows", "rerun": "0"}, "7": {"status": "SKIP", "message": "('/home/andy/\u0414\u043e\u043a\u0443\u043c\u0435\u043d\u0442\u044b/My_project_by_python/Seminars_with_python/Automatisation_testing_consoleApp_linux_in_python/lection3_pytest/seminar3_pytest/env/lib/python3.12/site-packages/pip/_vendor/colorama/tests/initialise_test.py', 75, 'Skipped: sys.stdout is not a tty')\n", "test_name": "testInitWrapOffDoesntWrapOnWindows", "rerun": "0"}, "8": {"status": "SKIP", "message": "('/home/andy/\u0414\u043e\u043a\u0443\u043c\u0435\u043d\u0442\u044b/My_project_by_python/Seminars_with_python/Automatisation_testing_consoleApp_linux_in_python/lection3_pytest/seminar3_pytest/env/lib/python3.12/site-packages/pip/_vendor/colorama/tests/initialise_test.py', 80, 'Skipped: sys.stdout is not a tty')\n", "test_name": "testInitWrapOffIncompatibleWithAutoresetOn", "rerun": "0"}, "9": {"status": "SKIP", "message": "('/home/andy/\u0414\u043e\u043a\u0443\u043c\u0435\u043d\u0442\u044b/My_project_by_python/Seminars_with_python/Automatisation_testing_consoleApp_linux_in_python/lection3_pytest/seminar3_pytest/env/lib/python3.12/site-packages/pip/_vendor/colorama/tests/initialise_test.py', 42, 'Skipped: sys.stdout is not a tty')\n", "test_name": "testInitWrapsOnWindows", "rerun": "0"}, "10": {"status": "PASS", "message": "", "test_name": "testJustFixWindowsConsole", "rerun": "0"}}, "status": {"total_pass": 1, "total_skip": 10, "total_xpass": 0, "total_xfail": 0, "total_rerun": 0, "total_fail": 0, "total_error": 0}}, "8": {"suite_name": "lib64/python3.12/site-packages/pip/_vendor/colorama/tests/isatty_test.py", "tests": {"0": {"status": "PASS", "message": "", "test_name": "test_TTY", "rerun": "0"}, "1": {"status": "PASS", "message": "", "test_name": "test_nonTTY", "rerun": "0"}, "2": {"status": "PASS", "message": "", "test_name": "test_withPycharm", "rerun": "0"}, "3": {"status": "PASS", "message": "", "test_name": "test_withPycharmNonTTYOverride", "rerun": "0"}, "4": {"status": "PASS", "message": "", "test_name": "test_withPycharmNoneOverride", "rerun": "0"}, "5": {"status": "PASS", "message": "", "test_name": "test_withPycharmStreamWrapped", "rerun": "0"}, "6": {"status": "PASS", "message": "", "test_name": "test_withPycharmTTYOverride", "rerun": "0"}}, "status": {"total_pass": 7, "total_skip": 0, "total_xpass": 0, "total_xfail": 0, "total_rerun": 0, "total_fail": 0, "total_error": 0}}, "9": {"suite_name": "lib64/python3.12/site-packages/pip/_vendor/colorama/tests/winterm_test.py", "tests": {"0": {"status": "SKIP", "message": "('/home/andy/\u0414\u043e\u043a\u0443\u043c\u0435\u043d\u0442\u044b/My_project_by_python/Seminars_with_python/Automatisation_testing_consoleApp_linux_in_python/lection3_pytest/seminar3_pytest/env/lib/python3.12/site-packages/pip/_vendor/colorama/tests/winterm_test.py', 77, 'Skipped: requires Windows')\n", "test_name": "testBack", "rerun": "0"}, "1": {"status": "SKIP", "message": "('/home/andy/\u0414\u043e\u043a\u0443\u043c\u0435\u043d\u0442\u044b/My_project_by_python/Seminars_with_python/Automatisation_testing_consoleApp_linux_in_python/lection3_pytest/seminar3_pytest/env/lib/python3.12/site-packages/pip/_vendor/colorama/tests/winterm_test.py', 66, 'Skipped: requires Windows')\n", "test_name": "testFore", "rerun": "0"}, "2": {"status": "SKIP", "message": "('/home/andy/\u0414\u043e\u043a\u0443\u043c\u0435\u043d\u0442\u044b/My_project_by_python/Seminars_with_python/Automatisation_testing_consoleApp_linux_in_python/lection3_pytest/seminar3_pytest/env/lib/python3.12/site-packages/pip/_vendor/colorama/tests/winterm_test.py', 25, 'Skipped: requires Windows')\n", "test_name": "testGetAttrs", "rerun": "0"}, "3": {"status": "FAIL", "message": "   AttributeError: module 'pip._vendor.colorama.win32' has no attribute 'GetConsoleScreenBufferInfo'\n", "test_name": "testInit", "rerun": "0"}, "4": {"status": "FAIL", "message": "   AttributeError: module 'pip._vendor.colorama.win32' has no attribute 'GetConsoleScreenBufferInfo'\n", "test_name": "testResetAll", "rerun": "0"}, "5": {"status": "FAIL", "message": "   AttributeError: module 'pip._vendor.colorama.win32' has no attribute 'GetConsoleScreenBufferInfo'\n", "test_name": "testSetConsole", "rerun": "0"}, "6": {"status": "FAIL", "message": "   AttributeError: module 'pip._vendor.colorama.win32' has no attribute 'GetConsoleScreenBufferInfo'\n", "test_name": "testSetConsoleOnStderr", "rerun": "0"}, "7": {"status": "SKIP", "message": "('/home/andy/\u0414\u043e\u043a\u0443\u043c\u0435\u043d\u0442\u044b/My_project_by_python/Seminars_with_python/Automatisation_testing_consoleApp_linux_in_python/lection3_pytest/seminar3_pytest/env/lib/python3.12/site-packages/pip/_vendor/colorama/tests/winterm_test.py', 88, 'Skipped: requires Windows')\n", "test_name": "testStyle", "rerun": "0"}}, "status": {"total_pass": 0, "total_skip": 4, "total_xpass": 0, "total_xfail": 0, "total_rerun": 0, "total_fail": 4, "total_error": 0}}}}, "date": "December 06, 2023", "start_time": 1701898005.5708826, "total_suite": 10, "status": "FAIL", "status_list": {"pass": "64", "fail": "12", "skip": "28", "error": "0", "xpass": "0", "xfail": "0", "rerun": "0"}, "total_tests": "104"}